   1               		.file	"main.c"
   2               	__SP_H__ = 0x3e
   3               	__SP_L__ = 0x3d
   4               	__SREG__ = 0x3f
   5               	__tmp_reg__ = 0
   6               	__zero_reg__ = 1
   8               		.text
   9               	.Ltext0:
 118               	.global	initIO
 120               	initIO:
   1:/Users/nicholasburgel/Documents/JIN/Encoder Module/Encoder Module/main.c **** //
   2:/Users/nicholasburgel/Documents/JIN/Encoder Module/Encoder Module/main.c **** //  main.c
   3:/Users/nicholasburgel/Documents/JIN/Encoder Module/Encoder Module/main.c **** //  Encoder Module
   4:/Users/nicholasburgel/Documents/JIN/Encoder Module/Encoder Module/main.c **** //
   5:/Users/nicholasburgel/Documents/JIN/Encoder Module/Encoder Module/main.c **** //  Created by Nicholas Burgel on 2016-01-23.
   6:/Users/nicholasburgel/Documents/JIN/Encoder Module/Encoder Module/main.c **** //  Copyright © 2016 JIN Advanced Systems. All rights reserved.
   7:/Users/nicholasburgel/Documents/JIN/Encoder Module/Encoder Module/main.c **** //
   8:/Users/nicholasburgel/Documents/JIN/Encoder Module/Encoder Module/main.c **** #include <stdio.h>
   9:/Users/nicholasburgel/Documents/JIN/Encoder Module/Encoder Module/main.c **** #include <stdlib.h>
  10:/Users/nicholasburgel/Documents/JIN/Encoder Module/Encoder Module/main.c **** #include <avr/io.h>
  11:/Users/nicholasburgel/Documents/JIN/Encoder Module/Encoder Module/main.c **** #include <avr/interrupt.h>
  12:/Users/nicholasburgel/Documents/JIN/Encoder Module/Encoder Module/main.c **** #include <util/delay.h>
  13:/Users/nicholasburgel/Documents/JIN/Encoder Module/Encoder Module/main.c **** #include <stdint.h>
  14:/Users/nicholasburgel/Documents/JIN/Encoder Module/Encoder Module/main.c **** #include <stdbool.h>
  15:/Users/nicholasburgel/Documents/JIN/Encoder Module/Encoder Module/main.c **** #include "protoAlpha.c"
  16:/Users/nicholasburgel/Documents/JIN/Encoder Module/Encoder Module/main.c **** 
  17:/Users/nicholasburgel/Documents/JIN/Encoder Module/Encoder Module/main.c **** //Global Variables
  18:/Users/nicholasburgel/Documents/JIN/Encoder Module/Encoder Module/main.c **** int32_t setPosition;
  19:/Users/nicholasburgel/Documents/JIN/Encoder Module/Encoder Module/main.c **** int32_t actualPosition;
  20:/Users/nicholasburgel/Documents/JIN/Encoder Module/Encoder Module/main.c **** float ratio;
  21:/Users/nicholasburgel/Documents/JIN/Encoder Module/Encoder Module/main.c **** 
  22:/Users/nicholasburgel/Documents/JIN/Encoder Module/Encoder Module/main.c **** void initIO(void) {
 122               	.LM0:
 123               	.LFBB1:
 124               	/* prologue: function */
 125               	/* frame size = 0 */
 126               	/* stack size = 0 */
 127               	.L__stack_usage = 0
  23:/Users/nicholasburgel/Documents/JIN/Encoder Module/Encoder Module/main.c ****     
  24:/Users/nicholasburgel/Documents/JIN/Encoder Module/Encoder Module/main.c ****     MCUCR = (1<<JTD);
 129               	.LM1:
 130 0000 80E8      		ldi r24,lo8(-128)
 131 0002 85BF      		out 0x35,r24
  25:/Users/nicholasburgel/Documents/JIN/Encoder Module/Encoder Module/main.c ****     MCUCR = (1<<JTD);
 133               	.LM2:
 134 0004 85BF      		out 0x35,r24
  26:/Users/nicholasburgel/Documents/JIN/Encoder Module/Encoder Module/main.c ****     
  27:/Users/nicholasburgel/Documents/JIN/Encoder Module/Encoder Module/main.c ****     /*
  28:/Users/nicholasburgel/Documents/JIN/Encoder Module/Encoder Module/main.c ****      * Port A Setup
  29:/Users/nicholasburgel/Documents/JIN/Encoder Module/Encoder Module/main.c ****      * 
  30:/Users/nicholasburgel/Documents/JIN/Encoder Module/Encoder Module/main.c ****      * Encoder input port
  31:/Users/nicholasburgel/Documents/JIN/Encoder Module/Encoder Module/main.c ****      */
  32:/Users/nicholasburgel/Documents/JIN/Encoder Module/Encoder Module/main.c ****     DDRA = 0b00000000;
 136               	.LM3:
 137 0006 11B8      		out 0x1,__zero_reg__
  33:/Users/nicholasburgel/Documents/JIN/Encoder Module/Encoder Module/main.c ****     
  34:/Users/nicholasburgel/Documents/JIN/Encoder Module/Encoder Module/main.c ****     /*
  35:/Users/nicholasburgel/Documents/JIN/Encoder Module/Encoder Module/main.c ****      * Port B Setup
  36:/Users/nicholasburgel/Documents/JIN/Encoder Module/Encoder Module/main.c ****      *
  37:/Users/nicholasburgel/Documents/JIN/Encoder Module/Encoder Module/main.c ****      * Pin 0: N/A
  38:/Users/nicholasburgel/Documents/JIN/Encoder Module/Encoder Module/main.c ****      * Pin 1: CLK Out (set in fuse)
  39:/Users/nicholasburgel/Documents/JIN/Encoder Module/Encoder Module/main.c ****      * Pin 2: Step Input
  40:/Users/nicholasburgel/Documents/JIN/Encoder Module/Encoder Module/main.c ****      * Pin 3: Direction Input
  41:/Users/nicholasburgel/Documents/JIN/Encoder Module/Encoder Module/main.c ****      * Pin 4: N/A
  42:/Users/nicholasburgel/Documents/JIN/Encoder Module/Encoder Module/main.c ****      * Pin 5: MOSI
  43:/Users/nicholasburgel/Documents/JIN/Encoder Module/Encoder Module/main.c ****      * Pin 6: MISO
  44:/Users/nicholasburgel/Documents/JIN/Encoder Module/Encoder Module/main.c ****      * Pin 7: SCK
  45:/Users/nicholasburgel/Documents/JIN/Encoder Module/Encoder Module/main.c ****      */
  46:/Users/nicholasburgel/Documents/JIN/Encoder Module/Encoder Module/main.c ****     DDRB = 0b00001000;
 139               	.LM4:
 140 0008 88E0      		ldi r24,lo8(8)
 141 000a 84B9      		out 0x4,r24
  47:/Users/nicholasburgel/Documents/JIN/Encoder Module/Encoder Module/main.c ****     PORTB = 0b00000100;
 143               	.LM5:
 144 000c 84E0      		ldi r24,lo8(4)
 145 000e 85B9      		out 0x5,r24
  48:/Users/nicholasburgel/Documents/JIN/Encoder Module/Encoder Module/main.c ****     
  49:/Users/nicholasburgel/Documents/JIN/Encoder Module/Encoder Module/main.c ****     /*
  50:/Users/nicholasburgel/Documents/JIN/Encoder Module/Encoder Module/main.c ****      * Port C Setup
  51:/Users/nicholasburgel/Documents/JIN/Encoder Module/Encoder Module/main.c ****      *
  52:/Users/nicholasburgel/Documents/JIN/Encoder Module/Encoder Module/main.c ****      * Pin 0: Encoder Select 1 (OUTPUT)
  53:/Users/nicholasburgel/Documents/JIN/Encoder Module/Encoder Module/main.c ****      * Pin 1: Encoder Select 2 (OUTPUT)
  54:/Users/nicholasburgel/Documents/JIN/Encoder Module/Encoder Module/main.c ****      * Pin 2: Encoder OE (OUTPUT)
  55:/Users/nicholasburgel/Documents/JIN/Encoder Module/Encoder Module/main.c ****      * Pin 3: Encoder Reset (OUTPUT)
  56:/Users/nicholasburgel/Documents/JIN/Encoder Module/Encoder Module/main.c ****      * Pin 4: N/A
  57:/Users/nicholasburgel/Documents/JIN/Encoder Module/Encoder Module/main.c ****      * Pin 5: N/A
  58:/Users/nicholasburgel/Documents/JIN/Encoder Module/Encoder Module/main.c ****      * Pin 6: N/A
  59:/Users/nicholasburgel/Documents/JIN/Encoder Module/Encoder Module/main.c ****      * Pin 7: N/A
  60:/Users/nicholasburgel/Documents/JIN/Encoder Module/Encoder Module/main.c ****      */
  61:/Users/nicholasburgel/Documents/JIN/Encoder Module/Encoder Module/main.c ****     DDRC = 0xFF;
 147               	.LM6:
 148 0010 8FEF      		ldi r24,lo8(-1)
 149 0012 87B9      		out 0x7,r24
  62:/Users/nicholasburgel/Documents/JIN/Encoder Module/Encoder Module/main.c ****     PORTC = 0b00000000;
 151               	.LM7:
 152 0014 18B8      		out 0x8,__zero_reg__
 153               	.LBB13:
 154               	.LBB14:
 156               	.Ltext1:
   1:/usr/local/CrossPack-AVR-20131216/avr/include/util/delay.h **** /* Copyright (c) 2002, Marek Michalkiewicz
   2:/usr/local/CrossPack-AVR-20131216/avr/include/util/delay.h ****    Copyright (c) 2004,2005,2007 Joerg Wunsch
   3:/usr/local/CrossPack-AVR-20131216/avr/include/util/delay.h ****    Copyright (c) 2007  Florin-Viorel Petrov
   4:/usr/local/CrossPack-AVR-20131216/avr/include/util/delay.h ****    All rights reserved.
   5:/usr/local/CrossPack-AVR-20131216/avr/include/util/delay.h **** 
   6:/usr/local/CrossPack-AVR-20131216/avr/include/util/delay.h ****    Redistribution and use in source and binary forms, with or without
   7:/usr/local/CrossPack-AVR-20131216/avr/include/util/delay.h ****    modification, are permitted provided that the following conditions are met:
   8:/usr/local/CrossPack-AVR-20131216/avr/include/util/delay.h **** 
   9:/usr/local/CrossPack-AVR-20131216/avr/include/util/delay.h ****    * Redistributions of source code must retain the above copyright
  10:/usr/local/CrossPack-AVR-20131216/avr/include/util/delay.h ****      notice, this list of conditions and the following disclaimer.
  11:/usr/local/CrossPack-AVR-20131216/avr/include/util/delay.h **** 
  12:/usr/local/CrossPack-AVR-20131216/avr/include/util/delay.h ****    * Redistributions in binary form must reproduce the above copyright
  13:/usr/local/CrossPack-AVR-20131216/avr/include/util/delay.h ****      notice, this list of conditions and the following disclaimer in
  14:/usr/local/CrossPack-AVR-20131216/avr/include/util/delay.h ****      the documentation and/or other materials provided with the
  15:/usr/local/CrossPack-AVR-20131216/avr/include/util/delay.h ****      distribution.
  16:/usr/local/CrossPack-AVR-20131216/avr/include/util/delay.h **** 
  17:/usr/local/CrossPack-AVR-20131216/avr/include/util/delay.h ****    * Neither the name of the copyright holders nor the names of
  18:/usr/local/CrossPack-AVR-20131216/avr/include/util/delay.h ****      contributors may be used to endorse or promote products derived
  19:/usr/local/CrossPack-AVR-20131216/avr/include/util/delay.h ****      from this software without specific prior written permission.
  20:/usr/local/CrossPack-AVR-20131216/avr/include/util/delay.h **** 
  21:/usr/local/CrossPack-AVR-20131216/avr/include/util/delay.h ****   THIS SOFTWARE IS PROVIDED BY THE COPYRIGHT HOLDERS AND CONTRIBUTORS "AS IS"
  22:/usr/local/CrossPack-AVR-20131216/avr/include/util/delay.h ****   AND ANY EXPRESS OR IMPLIED WARRANTIES, INCLUDING, BUT NOT LIMITED TO, THE
  23:/usr/local/CrossPack-AVR-20131216/avr/include/util/delay.h ****   IMPLIED WARRANTIES OF MERCHANTABILITY AND FITNESS FOR A PARTICULAR PURPOSE
  24:/usr/local/CrossPack-AVR-20131216/avr/include/util/delay.h ****   ARE DISCLAIMED. IN NO EVENT SHALL THE COPYRIGHT OWNER OR CONTRIBUTORS BE
  25:/usr/local/CrossPack-AVR-20131216/avr/include/util/delay.h ****   LIABLE FOR ANY DIRECT, INDIRECT, INCIDENTAL, SPECIAL, EXEMPLARY, OR
  26:/usr/local/CrossPack-AVR-20131216/avr/include/util/delay.h ****   CONSEQUENTIAL DAMAGES (INCLUDING, BUT NOT LIMITED TO, PROCUREMENT OF
  27:/usr/local/CrossPack-AVR-20131216/avr/include/util/delay.h ****   SUBSTITUTE GOODS OR SERVICES; LOSS OF USE, DATA, OR PROFITS; OR BUSINESS
  28:/usr/local/CrossPack-AVR-20131216/avr/include/util/delay.h ****   INTERRUPTION) HOWEVER CAUSED AND ON ANY THEORY OF LIABILITY, WHETHER IN
  29:/usr/local/CrossPack-AVR-20131216/avr/include/util/delay.h ****   CONTRACT, STRICT LIABILITY, OR TORT (INCLUDING NEGLIGENCE OR OTHERWISE)
  30:/usr/local/CrossPack-AVR-20131216/avr/include/util/delay.h ****   ARISING IN ANY WAY OUT OF THE USE OF THIS SOFTWARE, EVEN IF ADVISED OF THE
  31:/usr/local/CrossPack-AVR-20131216/avr/include/util/delay.h ****   POSSIBILITY OF SUCH DAMAGE. */
  32:/usr/local/CrossPack-AVR-20131216/avr/include/util/delay.h **** 
  33:/usr/local/CrossPack-AVR-20131216/avr/include/util/delay.h **** /* $Id$ */
  34:/usr/local/CrossPack-AVR-20131216/avr/include/util/delay.h **** 
  35:/usr/local/CrossPack-AVR-20131216/avr/include/util/delay.h **** #ifndef _UTIL_DELAY_H_
  36:/usr/local/CrossPack-AVR-20131216/avr/include/util/delay.h **** #define _UTIL_DELAY_H_ 1
  37:/usr/local/CrossPack-AVR-20131216/avr/include/util/delay.h **** 
  38:/usr/local/CrossPack-AVR-20131216/avr/include/util/delay.h **** #ifndef __HAS_DELAY_CYCLES
  39:/usr/local/CrossPack-AVR-20131216/avr/include/util/delay.h **** #define __HAS_DELAY_CYCLES 1
  40:/usr/local/CrossPack-AVR-20131216/avr/include/util/delay.h **** #endif
  41:/usr/local/CrossPack-AVR-20131216/avr/include/util/delay.h **** 
  42:/usr/local/CrossPack-AVR-20131216/avr/include/util/delay.h **** #include <inttypes.h>
  43:/usr/local/CrossPack-AVR-20131216/avr/include/util/delay.h **** #include <util/delay_basic.h>
  44:/usr/local/CrossPack-AVR-20131216/avr/include/util/delay.h **** #include <math.h>
  45:/usr/local/CrossPack-AVR-20131216/avr/include/util/delay.h **** 
  46:/usr/local/CrossPack-AVR-20131216/avr/include/util/delay.h **** /** \file */
  47:/usr/local/CrossPack-AVR-20131216/avr/include/util/delay.h **** /** \defgroup util_delay <util/delay.h>: Convenience functions for busy-wait delay loops
  48:/usr/local/CrossPack-AVR-20131216/avr/include/util/delay.h ****     \code
  49:/usr/local/CrossPack-AVR-20131216/avr/include/util/delay.h ****     #define F_CPU 1000000UL  // 1 MHz
  50:/usr/local/CrossPack-AVR-20131216/avr/include/util/delay.h ****     //#define F_CPU 14.7456E6
  51:/usr/local/CrossPack-AVR-20131216/avr/include/util/delay.h ****     #include <util/delay.h>
  52:/usr/local/CrossPack-AVR-20131216/avr/include/util/delay.h ****     \endcode
  53:/usr/local/CrossPack-AVR-20131216/avr/include/util/delay.h **** 
  54:/usr/local/CrossPack-AVR-20131216/avr/include/util/delay.h ****     \note As an alternative method, it is possible to pass the
  55:/usr/local/CrossPack-AVR-20131216/avr/include/util/delay.h ****     F_CPU macro down to the compiler from the Makefile.
  56:/usr/local/CrossPack-AVR-20131216/avr/include/util/delay.h ****     Obviously, in that case, no \c \#define statement should be
  57:/usr/local/CrossPack-AVR-20131216/avr/include/util/delay.h ****     used.
  58:/usr/local/CrossPack-AVR-20131216/avr/include/util/delay.h **** 
  59:/usr/local/CrossPack-AVR-20131216/avr/include/util/delay.h ****     The functions in this header file are wrappers around the basic
  60:/usr/local/CrossPack-AVR-20131216/avr/include/util/delay.h ****     busy-wait functions from <util/delay_basic.h>.  They are meant as
  61:/usr/local/CrossPack-AVR-20131216/avr/include/util/delay.h ****     convenience functions where actual time values can be specified
  62:/usr/local/CrossPack-AVR-20131216/avr/include/util/delay.h ****     rather than a number of cycles to wait for.  The idea behind is
  63:/usr/local/CrossPack-AVR-20131216/avr/include/util/delay.h ****     that compile-time constant expressions will be eliminated by
  64:/usr/local/CrossPack-AVR-20131216/avr/include/util/delay.h ****     compiler optimization so floating-point expressions can be used
  65:/usr/local/CrossPack-AVR-20131216/avr/include/util/delay.h ****     to calculate the number of delay cycles needed based on the CPU
  66:/usr/local/CrossPack-AVR-20131216/avr/include/util/delay.h ****     frequency passed by the macro F_CPU.
  67:/usr/local/CrossPack-AVR-20131216/avr/include/util/delay.h **** 
  68:/usr/local/CrossPack-AVR-20131216/avr/include/util/delay.h ****     \note In order for these functions to work as intended, compiler
  69:/usr/local/CrossPack-AVR-20131216/avr/include/util/delay.h ****     optimizations <em>must</em> be enabled, and the delay time
  70:/usr/local/CrossPack-AVR-20131216/avr/include/util/delay.h ****     <em>must</em> be an expression that is a known constant at
  71:/usr/local/CrossPack-AVR-20131216/avr/include/util/delay.h ****     compile-time.  If these requirements are not met, the resulting
  72:/usr/local/CrossPack-AVR-20131216/avr/include/util/delay.h ****     delay will be much longer (and basically unpredictable), and
  73:/usr/local/CrossPack-AVR-20131216/avr/include/util/delay.h ****     applications that otherwise do not use floating-point calculations
  74:/usr/local/CrossPack-AVR-20131216/avr/include/util/delay.h ****     will experience severe code bloat by the floating-point library
  75:/usr/local/CrossPack-AVR-20131216/avr/include/util/delay.h ****     routines linked into the application.
  76:/usr/local/CrossPack-AVR-20131216/avr/include/util/delay.h **** 
  77:/usr/local/CrossPack-AVR-20131216/avr/include/util/delay.h ****     The functions available allow the specification of microsecond, and
  78:/usr/local/CrossPack-AVR-20131216/avr/include/util/delay.h ****     millisecond delays directly, using the application-supplied macro
  79:/usr/local/CrossPack-AVR-20131216/avr/include/util/delay.h ****     F_CPU as the CPU clock frequency (in Hertz).
  80:/usr/local/CrossPack-AVR-20131216/avr/include/util/delay.h **** 
  81:/usr/local/CrossPack-AVR-20131216/avr/include/util/delay.h **** */
  82:/usr/local/CrossPack-AVR-20131216/avr/include/util/delay.h **** 
  83:/usr/local/CrossPack-AVR-20131216/avr/include/util/delay.h **** #if !defined(__DOXYGEN__)
  84:/usr/local/CrossPack-AVR-20131216/avr/include/util/delay.h **** static inline void _delay_us(double __us) __attribute__((always_inline));
  85:/usr/local/CrossPack-AVR-20131216/avr/include/util/delay.h **** static inline void _delay_ms(double __ms) __attribute__((always_inline));
  86:/usr/local/CrossPack-AVR-20131216/avr/include/util/delay.h **** #endif
  87:/usr/local/CrossPack-AVR-20131216/avr/include/util/delay.h **** 
  88:/usr/local/CrossPack-AVR-20131216/avr/include/util/delay.h **** #ifndef F_CPU
  89:/usr/local/CrossPack-AVR-20131216/avr/include/util/delay.h **** /* prevent compiler error by supplying a default */
  90:/usr/local/CrossPack-AVR-20131216/avr/include/util/delay.h **** # warning "F_CPU not defined for <util/delay.h>"
  91:/usr/local/CrossPack-AVR-20131216/avr/include/util/delay.h **** # define F_CPU 1000000UL
  92:/usr/local/CrossPack-AVR-20131216/avr/include/util/delay.h **** #endif
  93:/usr/local/CrossPack-AVR-20131216/avr/include/util/delay.h **** 
  94:/usr/local/CrossPack-AVR-20131216/avr/include/util/delay.h **** #ifndef __OPTIMIZE__
  95:/usr/local/CrossPack-AVR-20131216/avr/include/util/delay.h **** # warning "Compiler optimizations disabled; functions from <util/delay.h> won't work as designed"
  96:/usr/local/CrossPack-AVR-20131216/avr/include/util/delay.h **** #endif
  97:/usr/local/CrossPack-AVR-20131216/avr/include/util/delay.h **** 
  98:/usr/local/CrossPack-AVR-20131216/avr/include/util/delay.h **** #if __HAS_DELAY_CYCLES && defined(__OPTIMIZE__) && \
  99:/usr/local/CrossPack-AVR-20131216/avr/include/util/delay.h ****   !defined(__DELAY_BACKWARD_COMPATIBLE__) &&	   \
 100:/usr/local/CrossPack-AVR-20131216/avr/include/util/delay.h ****   __STDC_HOSTED__
 101:/usr/local/CrossPack-AVR-20131216/avr/include/util/delay.h **** #  include <math.h>
 102:/usr/local/CrossPack-AVR-20131216/avr/include/util/delay.h **** #endif
 103:/usr/local/CrossPack-AVR-20131216/avr/include/util/delay.h **** 
 104:/usr/local/CrossPack-AVR-20131216/avr/include/util/delay.h **** /**
 105:/usr/local/CrossPack-AVR-20131216/avr/include/util/delay.h ****    \ingroup util_delay
 106:/usr/local/CrossPack-AVR-20131216/avr/include/util/delay.h **** 
 107:/usr/local/CrossPack-AVR-20131216/avr/include/util/delay.h ****    Perform a delay of \c __ms milliseconds, using _delay_loop_2().
 108:/usr/local/CrossPack-AVR-20131216/avr/include/util/delay.h **** 
 109:/usr/local/CrossPack-AVR-20131216/avr/include/util/delay.h ****    The macro F_CPU is supposed to be defined to a
 110:/usr/local/CrossPack-AVR-20131216/avr/include/util/delay.h ****    constant defining the CPU clock frequency (in Hertz).
 111:/usr/local/CrossPack-AVR-20131216/avr/include/util/delay.h **** 
 112:/usr/local/CrossPack-AVR-20131216/avr/include/util/delay.h ****    The maximal possible delay is 262.14 ms / F_CPU in MHz.
 113:/usr/local/CrossPack-AVR-20131216/avr/include/util/delay.h **** 
 114:/usr/local/CrossPack-AVR-20131216/avr/include/util/delay.h ****    When the user request delay which exceed the maximum possible one,
 115:/usr/local/CrossPack-AVR-20131216/avr/include/util/delay.h ****    _delay_ms() provides a decreased resolution functionality. In this
 116:/usr/local/CrossPack-AVR-20131216/avr/include/util/delay.h ****    mode _delay_ms() will work with a resolution of 1/10 ms, providing
 117:/usr/local/CrossPack-AVR-20131216/avr/include/util/delay.h ****    delays up to 6.5535 seconds (independent from CPU frequency).  The
 118:/usr/local/CrossPack-AVR-20131216/avr/include/util/delay.h ****    user will not be informed about decreased resolution.
 119:/usr/local/CrossPack-AVR-20131216/avr/include/util/delay.h **** 
 120:/usr/local/CrossPack-AVR-20131216/avr/include/util/delay.h ****    If the avr-gcc toolchain has __builtin_avr_delay_cycles(unsigned long)
 121:/usr/local/CrossPack-AVR-20131216/avr/include/util/delay.h ****    support, maximal possible delay is 4294967.295 ms/ F_CPU in MHz. For
 122:/usr/local/CrossPack-AVR-20131216/avr/include/util/delay.h ****    values greater than the maximal possible delay, overflows results in
 123:/usr/local/CrossPack-AVR-20131216/avr/include/util/delay.h ****    no delay i.e., 0ms.
 124:/usr/local/CrossPack-AVR-20131216/avr/include/util/delay.h **** 
 125:/usr/local/CrossPack-AVR-20131216/avr/include/util/delay.h ****    Conversion of __us into clock cycles may not always result in integer.
 126:/usr/local/CrossPack-AVR-20131216/avr/include/util/delay.h ****    By default, the clock cycles rounded up to next integer. This ensures that
 127:/usr/local/CrossPack-AVR-20131216/avr/include/util/delay.h ****    the user gets atleast __us microseconds of delay.
 128:/usr/local/CrossPack-AVR-20131216/avr/include/util/delay.h **** 
 129:/usr/local/CrossPack-AVR-20131216/avr/include/util/delay.h ****    Alternatively, user can define __DELAY_ROUND_DOWN__ and __DELAY_ROUND_CLOSEST__
 130:/usr/local/CrossPack-AVR-20131216/avr/include/util/delay.h ****    to round down and round to closest integer.
 131:/usr/local/CrossPack-AVR-20131216/avr/include/util/delay.h **** 
 132:/usr/local/CrossPack-AVR-20131216/avr/include/util/delay.h ****    Note: The new implementation of _delay_ms(double __ms) with 
 133:/usr/local/CrossPack-AVR-20131216/avr/include/util/delay.h ****     __builtin_avr_delay_cycles(unsigned long) support is not backward compatible. 
 134:/usr/local/CrossPack-AVR-20131216/avr/include/util/delay.h ****    User can define __DELAY_BACKWARD_COMPATIBLE__ to get a backward compatible delay.
 135:/usr/local/CrossPack-AVR-20131216/avr/include/util/delay.h ****    Also, the backward compatible
 136:/usr/local/CrossPack-AVR-20131216/avr/include/util/delay.h ****    algorithm will be chosen if the code is compiled in a <em>freestanding
 137:/usr/local/CrossPack-AVR-20131216/avr/include/util/delay.h ****    environment</em> (GCC option \c -ffreestanding), as the math functions
 138:/usr/local/CrossPack-AVR-20131216/avr/include/util/delay.h ****    required for rounding are not available to the compiler then.
 139:/usr/local/CrossPack-AVR-20131216/avr/include/util/delay.h **** 
 140:/usr/local/CrossPack-AVR-20131216/avr/include/util/delay.h ****  */
 141:/usr/local/CrossPack-AVR-20131216/avr/include/util/delay.h **** void
 142:/usr/local/CrossPack-AVR-20131216/avr/include/util/delay.h **** _delay_ms(double __ms)
 143:/usr/local/CrossPack-AVR-20131216/avr/include/util/delay.h **** {
 144:/usr/local/CrossPack-AVR-20131216/avr/include/util/delay.h **** 	double __tmp ; 
 145:/usr/local/CrossPack-AVR-20131216/avr/include/util/delay.h **** #if __HAS_DELAY_CYCLES && defined(__OPTIMIZE__) && \
 146:/usr/local/CrossPack-AVR-20131216/avr/include/util/delay.h ****   !defined(__DELAY_BACKWARD_COMPATIBLE__) &&	   \
 147:/usr/local/CrossPack-AVR-20131216/avr/include/util/delay.h ****   __STDC_HOSTED__
 148:/usr/local/CrossPack-AVR-20131216/avr/include/util/delay.h **** 	uint32_t __ticks_dc;
 149:/usr/local/CrossPack-AVR-20131216/avr/include/util/delay.h **** 	extern void __builtin_avr_delay_cycles(unsigned long);
 150:/usr/local/CrossPack-AVR-20131216/avr/include/util/delay.h **** 	__tmp = ((F_CPU) / 1e3) * __ms;
 151:/usr/local/CrossPack-AVR-20131216/avr/include/util/delay.h **** 
 152:/usr/local/CrossPack-AVR-20131216/avr/include/util/delay.h **** 	#if defined(__DELAY_ROUND_DOWN__)
 153:/usr/local/CrossPack-AVR-20131216/avr/include/util/delay.h **** 		__ticks_dc = (uint32_t)fabs(__tmp);
 154:/usr/local/CrossPack-AVR-20131216/avr/include/util/delay.h **** 
 155:/usr/local/CrossPack-AVR-20131216/avr/include/util/delay.h **** 	#elif defined(__DELAY_ROUND_CLOSEST__)
 156:/usr/local/CrossPack-AVR-20131216/avr/include/util/delay.h **** 		__ticks_dc = (uint32_t)(fabs(__tmp)+0.5);
 157:/usr/local/CrossPack-AVR-20131216/avr/include/util/delay.h **** 
 158:/usr/local/CrossPack-AVR-20131216/avr/include/util/delay.h **** 	#else
 159:/usr/local/CrossPack-AVR-20131216/avr/include/util/delay.h **** 		//round up by default
 160:/usr/local/CrossPack-AVR-20131216/avr/include/util/delay.h **** 		__ticks_dc = (uint32_t)(ceil(fabs(__tmp)));
 161:/usr/local/CrossPack-AVR-20131216/avr/include/util/delay.h **** 	#endif
 162:/usr/local/CrossPack-AVR-20131216/avr/include/util/delay.h **** 
 163:/usr/local/CrossPack-AVR-20131216/avr/include/util/delay.h **** 	__builtin_avr_delay_cycles(__ticks_dc);
 158               	.LM8:
 159 0016 8FE3      		ldi r24,lo8(-25537)
 160 0018 9CE9      		ldi r25,hi8(-25537)
 161 001a 0197      		1: sbiw r24,1
 162 001c 01F4      		brne 1b
 163 001e 00C0      		rjmp .
 164 0020 0000      		nop
 165               	.LBE14:
 166               	.LBE13:
 168               	.Ltext2:
  63:/Users/nicholasburgel/Documents/JIN/Encoder Module/Encoder Module/main.c ****     _delay_ms(10);
  64:/Users/nicholasburgel/Documents/JIN/Encoder Module/Encoder Module/main.c ****     PORTC = 0b00010000;
 170               	.LM9:
 171 0022 80E1      		ldi r24,lo8(16)
 172 0024 88B9      		out 0x8,r24
  65:/Users/nicholasburgel/Documents/JIN/Encoder Module/Encoder Module/main.c ****     
  66:/Users/nicholasburgel/Documents/JIN/Encoder Module/Encoder Module/main.c ****     /*
  67:/Users/nicholasburgel/Documents/JIN/Encoder Module/Encoder Module/main.c ****      * Port D Setup
  68:/Users/nicholasburgel/Documents/JIN/Encoder Module/Encoder Module/main.c ****      *
  69:/Users/nicholasburgel/Documents/JIN/Encoder Module/Encoder Module/main.c ****      * Pin 0: Stepper Driver Enable (OUTPUT)
  70:/Users/nicholasburgel/Documents/JIN/Encoder Module/Encoder Module/main.c ****      * Pin 1: Stepper Driver Step Size 1 (OUTPUT)
  71:/Users/nicholasburgel/Documents/JIN/Encoder Module/Encoder Module/main.c ****      * Pin 2: Stepper Driver Step Size 2 (OUTPUT)
  72:/Users/nicholasburgel/Documents/JIN/Encoder Module/Encoder Module/main.c ****      * Pin 3: Stepper Driver Step Size 3 (OUTPUT)
  73:/Users/nicholasburgel/Documents/JIN/Encoder Module/Encoder Module/main.c ****      * Pin 4: Stepper Driver Step (OUTPUT)
  74:/Users/nicholasburgel/Documents/JIN/Encoder Module/Encoder Module/main.c ****      * Pin 5: Stepper Driver Direction (OUTPUT)
  75:/Users/nicholasburgel/Documents/JIN/Encoder Module/Encoder Module/main.c ****      * Pin 6: N/A
  76:/Users/nicholasburgel/Documents/JIN/Encoder Module/Encoder Module/main.c ****      * Pin 7: N/A
  77:/Users/nicholasburgel/Documents/JIN/Encoder Module/Encoder Module/main.c ****      */
  78:/Users/nicholasburgel/Documents/JIN/Encoder Module/Encoder Module/main.c ****     DDRD = 0xFF;
 174               	.LM10:
 175 0026 8FEF      		ldi r24,lo8(-1)
 176 0028 8AB9      		out 0xa,r24
  79:/Users/nicholasburgel/Documents/JIN/Encoder Module/Encoder Module/main.c ****     PORTD = 0b00000000;
 178               	.LM11:
 179 002a 1BB8      		out 0xb,__zero_reg__
  80:/Users/nicholasburgel/Documents/JIN/Encoder Module/Encoder Module/main.c ****     
  81:/Users/nicholasburgel/Documents/JIN/Encoder Module/Encoder Module/main.c ****     //Enable Interupt
  82:/Users/nicholasburgel/Documents/JIN/Encoder Module/Encoder Module/main.c ****     //EICRA = (1<<ISC20);
  83:/Users/nicholasburgel/Documents/JIN/Encoder Module/Encoder Module/main.c ****     //EICRA = (1<<ISC21);
  84:/Users/nicholasburgel/Documents/JIN/Encoder Module/Encoder Module/main.c ****     //EIMSK = (1<<INT2);
  85:/Users/nicholasburgel/Documents/JIN/Encoder Module/Encoder Module/main.c ****     //sei();
  86:/Users/nicholasburgel/Documents/JIN/Encoder Module/Encoder Module/main.c ****     
  87:/Users/nicholasburgel/Documents/JIN/Encoder Module/Encoder Module/main.c ****     
  88:/Users/nicholasburgel/Documents/JIN/Encoder Module/Encoder Module/main.c ****     setPosition = 0;
 181               	.LM12:
 182 002c 1092 0000 		sts setPosition,__zero_reg__
 183 0030 1092 0000 		sts setPosition+1,__zero_reg__
 184 0034 1092 0000 		sts setPosition+2,__zero_reg__
 185 0038 1092 0000 		sts setPosition+3,__zero_reg__
  89:/Users/nicholasburgel/Documents/JIN/Encoder Module/Encoder Module/main.c ****     actualPosition = 0;
 187               	.LM13:
 188 003c 1092 0000 		sts actualPosition,__zero_reg__
 189 0040 1092 0000 		sts actualPosition+1,__zero_reg__
 190 0044 1092 0000 		sts actualPosition+2,__zero_reg__
 191 0048 1092 0000 		sts actualPosition+3,__zero_reg__
  90:/Users/nicholasburgel/Documents/JIN/Encoder Module/Encoder Module/main.c ****     ratio = 6;
 193               	.LM14:
 194 004c 80E0      		ldi r24,0
 195 004e 90E0      		ldi r25,0
 196 0050 A0EC      		ldi r26,lo8(-64)
 197 0052 B0E4      		ldi r27,lo8(64)
 198 0054 8093 0000 		sts ratio,r24
 199 0058 9093 0000 		sts ratio+1,r25
 200 005c A093 0000 		sts ratio+2,r26
 201 0060 B093 0000 		sts ratio+3,r27
 202 0064 0895      		ret
 204               	.Lscope1:
 205               	.global	__floatsisf
 206               	.global	__divsf3
 207               	.global	__fixsfsi
 209               	.global	readEncoder
 211               	readEncoder:
  91:/Users/nicholasburgel/Documents/JIN/Encoder Module/Encoder Module/main.c **** }
  92:/Users/nicholasburgel/Documents/JIN/Encoder Module/Encoder Module/main.c **** 
  93:/Users/nicholasburgel/Documents/JIN/Encoder Module/Encoder Module/main.c **** /**
  94:/Users/nicholasburgel/Documents/JIN/Encoder Module/Encoder Module/main.c ****  * Name: readEncoder
  95:/Users/nicholasburgel/Documents/JIN/Encoder Module/Encoder Module/main.c ****  * Details: Reads the data from the encoder.
  96:/Users/nicholasburgel/Documents/JIN/Encoder Module/Encoder Module/main.c ****  *
  97:/Users/nicholasburgel/Documents/JIN/Encoder Module/Encoder Module/main.c ****  * Inputs:
  98:/Users/nicholasburgel/Documents/JIN/Encoder Module/Encoder Module/main.c ****  * Ouputs: position: the position of the encoder
  99:/Users/nicholasburgel/Documents/JIN/Encoder Module/Encoder Module/main.c ****  */
 100:/Users/nicholasburgel/Documents/JIN/Encoder Module/Encoder Module/main.c **** int32_t readEncoder(){
 213               	.LM15:
 214               	.LFBB2:
 215               	/* prologue: function */
 216               	/* frame size = 0 */
 217               	/* stack size = 0 */
 218               	.L__stack_usage = 0
 101:/Users/nicholasburgel/Documents/JIN/Encoder Module/Encoder Module/main.c ****    
 102:/Users/nicholasburgel/Documents/JIN/Encoder Module/Encoder Module/main.c ****     int32_t position = 0;
 103:/Users/nicholasburgel/Documents/JIN/Encoder Module/Encoder Module/main.c ****     
 104:/Users/nicholasburgel/Documents/JIN/Encoder Module/Encoder Module/main.c ****     // Enable the quadrature decoder
 105:/Users/nicholasburgel/Documents/JIN/Encoder Module/Encoder Module/main.c ****     bit_clear(ENCODER, ENC_OE);
 220               	.LM16:
 221 0066 4598      		cbi 0x8,5
 106:/Users/nicholasburgel/Documents/JIN/Encoder Module/Encoder Module/main.c ****     
 107:/Users/nicholasburgel/Documents/JIN/Encoder Module/Encoder Module/main.c ****     bit_clear(ENCODER, ENC_SEL1);
 223               	.LM17:
 224 0068 4798      		cbi 0x8,7
 108:/Users/nicholasburgel/Documents/JIN/Encoder Module/Encoder Module/main.c ****     bit_set(ENCODER, ENC_SEL2);
 226               	.LM18:
 227 006a 469A      		sbi 0x8,6
 109:/Users/nicholasburgel/Documents/JIN/Encoder Module/Encoder Module/main.c ****     
 110:/Users/nicholasburgel/Documents/JIN/Encoder Module/Encoder Module/main.c ****     // Read Byte
 111:/Users/nicholasburgel/Documents/JIN/Encoder Module/Encoder Module/main.c ****     position = DATA;
 229               	.LM19:
 230 006c 60B1      		in r22,0
 231 006e 862F      		mov r24,r22
 232 0070 90E0      		ldi r25,0
 233 0072 A0E0      		ldi r26,0
 234 0074 B0E0      		ldi r27,0
 112:/Users/nicholasburgel/Documents/JIN/Encoder Module/Encoder Module/main.c ****     
 113:/Users/nicholasburgel/Documents/JIN/Encoder Module/Encoder Module/main.c ****     // Select second Byte
 114:/Users/nicholasburgel/Documents/JIN/Encoder Module/Encoder Module/main.c ****     bit_set(ENCODER, ENC_SEL1);
 236               	.LM20:
 237 0076 479A      		sbi 0x8,7
 115:/Users/nicholasburgel/Documents/JIN/Encoder Module/Encoder Module/main.c ****     bit_set(ENCODER, ENC_SEL2);
 239               	.LM21:
 240 0078 469A      		sbi 0x8,6
 116:/Users/nicholasburgel/Documents/JIN/Encoder Module/Encoder Module/main.c **** 
 117:/Users/nicholasburgel/Documents/JIN/Encoder Module/Encoder Module/main.c ****     // Read Byte
 118:/Users/nicholasburgel/Documents/JIN/Encoder Module/Encoder Module/main.c ****     position = position << 8;
 242               	.LM22:
 243 007a BA2F      		mov r27,r26
 244 007c A92F      		mov r26,r25
 245 007e 982F      		mov r25,r24
 246 0080 8827      		clr r24
 119:/Users/nicholasburgel/Documents/JIN/Encoder Module/Encoder Module/main.c ****     position += DATA;
 248               	.LM23:
 249 0082 20B1      		in r18,0
 250 0084 820F      		add r24,r18
 251 0086 911D      		adc r25,__zero_reg__
 252 0088 A11D      		adc r26,__zero_reg__
 253 008a B11D      		adc r27,__zero_reg__
 120:/Users/nicholasburgel/Documents/JIN/Encoder Module/Encoder Module/main.c ****     
 121:/Users/nicholasburgel/Documents/JIN/Encoder Module/Encoder Module/main.c ****     // Select first Byte
 122:/Users/nicholasburgel/Documents/JIN/Encoder Module/Encoder Module/main.c ****     bit_clear(ENCODER, ENC_SEL1);
 255               	.LM24:
 256 008c 4798      		cbi 0x8,7
 123:/Users/nicholasburgel/Documents/JIN/Encoder Module/Encoder Module/main.c ****     bit_clear(ENCODER, ENC_SEL2);
 258               	.LM25:
 259 008e 4698      		cbi 0x8,6
 124:/Users/nicholasburgel/Documents/JIN/Encoder Module/Encoder Module/main.c ****    
 125:/Users/nicholasburgel/Documents/JIN/Encoder Module/Encoder Module/main.c ****     // Read Byte
 126:/Users/nicholasburgel/Documents/JIN/Encoder Module/Encoder Module/main.c ****     position = position << 8;
 261               	.LM26:
 262 0090 BA2F      		mov r27,r26
 263 0092 A92F      		mov r26,r25
 264 0094 982F      		mov r25,r24
 265 0096 8827      		clr r24
 127:/Users/nicholasburgel/Documents/JIN/Encoder Module/Encoder Module/main.c ****     position += DATA;
 267               	.LM27:
 268 0098 20B1      		in r18,0
 269 009a 820F      		add r24,r18
 270 009c 911D      		adc r25,__zero_reg__
 271 009e A11D      		adc r26,__zero_reg__
 272 00a0 B11D      		adc r27,__zero_reg__
 128:/Users/nicholasburgel/Documents/JIN/Encoder Module/Encoder Module/main.c ****     
 129:/Users/nicholasburgel/Documents/JIN/Encoder Module/Encoder Module/main.c ****     // Select first Byte
 130:/Users/nicholasburgel/Documents/JIN/Encoder Module/Encoder Module/main.c ****     bit_set(ENCODER, ENC_SEL1);
 274               	.LM28:
 275 00a2 479A      		sbi 0x8,7
 131:/Users/nicholasburgel/Documents/JIN/Encoder Module/Encoder Module/main.c ****     bit_clear(ENCODER, ENC_SEL2);
 277               	.LM29:
 278 00a4 4698      		cbi 0x8,6
 132:/Users/nicholasburgel/Documents/JIN/Encoder Module/Encoder Module/main.c ****     
 133:/Users/nicholasburgel/Documents/JIN/Encoder Module/Encoder Module/main.c ****     // Read Byte
 134:/Users/nicholasburgel/Documents/JIN/Encoder Module/Encoder Module/main.c ****     position = position << 8;
 280               	.LM30:
 281 00a6 6627      		clr r22
 282 00a8 782F      		mov r23,r24
 283 00aa 892F      		mov r24,r25
 284 00ac 9A2F      		mov r25,r26
 135:/Users/nicholasburgel/Documents/JIN/Encoder Module/Encoder Module/main.c ****     position += DATA;
 286               	.LM31:
 287 00ae 20B1      		in r18,0
 136:/Users/nicholasburgel/Documents/JIN/Encoder Module/Encoder Module/main.c ****     
 137:/Users/nicholasburgel/Documents/JIN/Encoder Module/Encoder Module/main.c ****     //Disable quadrature decoder
 138:/Users/nicholasburgel/Documents/JIN/Encoder Module/Encoder Module/main.c ****     bit_set(ENCODER, ENC_OE);
 289               	.LM32:
 290 00b0 459A      		sbi 0x8,5
 135:/Users/nicholasburgel/Documents/JIN/Encoder Module/Encoder Module/main.c ****     position += DATA;
 292               	.LM33:
 293 00b2 620F      		add r22,r18
 294 00b4 711D      		adc r23,__zero_reg__
 295 00b6 811D      		adc r24,__zero_reg__
 296 00b8 911D      		adc r25,__zero_reg__
 139:/Users/nicholasburgel/Documents/JIN/Encoder Module/Encoder Module/main.c ****     
 140:/Users/nicholasburgel/Documents/JIN/Encoder Module/Encoder Module/main.c ****     // Return Position
 141:/Users/nicholasburgel/Documents/JIN/Encoder Module/Encoder Module/main.c ****     position = position/7.2;
 298               	.LM34:
 299 00ba 0E94 0000 		call __floatsisf
 300 00be 26E6      		ldi r18,lo8(102)
 301 00c0 36E6      		ldi r19,lo8(102)
 302 00c2 46EE      		ldi r20,lo8(-26)
 303 00c4 50E4      		ldi r21,lo8(64)
 304 00c6 0E94 0000 		call __divsf3
 305 00ca 0E94 0000 		call __fixsfsi
 142:/Users/nicholasburgel/Documents/JIN/Encoder Module/Encoder Module/main.c ****     return position;
 143:/Users/nicholasburgel/Documents/JIN/Encoder Module/Encoder Module/main.c **** }
 307               	.LM35:
 308 00ce 0895      		ret
 310               	.Lscope2:
 314               	.global	step
 316               	step:
 144:/Users/nicholasburgel/Documents/JIN/Encoder Module/Encoder Module/main.c **** 
 145:/Users/nicholasburgel/Documents/JIN/Encoder Module/Encoder Module/main.c **** /**
 146:/Users/nicholasburgel/Documents/JIN/Encoder Module/Encoder Module/main.c ****  * Name: stepper
 147:/Users/nicholasburgel/Documents/JIN/Encoder Module/Encoder Module/main.c ****  * Details: Provides control of stepper driver
 148:/Users/nicholasburgel/Documents/JIN/Encoder Module/Encoder Module/main.c ****  *
 149:/Users/nicholasburgel/Documents/JIN/Encoder Module/Encoder Module/main.c ****  * Inputs: steps: 32 bit variable, number of steps
 150:/Users/nicholasburgel/Documents/JIN/Encoder Module/Encoder Module/main.c ****  *         direction: 8 bit variable, direction of motor
 151:/Users/nicholasburgel/Documents/JIN/Encoder Module/Encoder Module/main.c ****  *                      0xFF = backwards
 152:/Users/nicholasburgel/Documents/JIN/Encoder Module/Encoder Module/main.c ****  *                      0x00 = Forwards
 153:/Users/nicholasburgel/Documents/JIN/Encoder Module/Encoder Module/main.c ****  * Ouputs: success: Boolean success confirmation
 154:/Users/nicholasburgel/Documents/JIN/Encoder Module/Encoder Module/main.c ****  */
 155:/Users/nicholasburgel/Documents/JIN/Encoder Module/Encoder Module/main.c **** void step(int32_t numSteps, int32_t direction) {
 318               	.LM36:
 319               	.LFBB3:
 320 00d0 CF92      		push r12
 321 00d2 DF92      		push r13
 322 00d4 EF92      		push r14
 323 00d6 FF92      		push r15
 324               	/* prologue: function */
 325               	/* frame size = 0 */
 326               	/* stack size = 4 */
 327               	.L__stack_usage = 4
 156:/Users/nicholasburgel/Documents/JIN/Encoder Module/Encoder Module/main.c ****     
 157:/Users/nicholasburgel/Documents/JIN/Encoder Module/Encoder Module/main.c ****     
 158:/Users/nicholasburgel/Documents/JIN/Encoder Module/Encoder Module/main.c ****     // Set direction
 159:/Users/nicholasburgel/Documents/JIN/Encoder Module/Encoder Module/main.c ****     if (direction == 0) {
 329               	.LM37:
 330 00d8 2115      		cp r18,__zero_reg__
 331 00da 3105      		cpc r19,__zero_reg__
 332 00dc 4105      		cpc r20,__zero_reg__
 333 00de 5105      		cpc r21,__zero_reg__
 334 00e0 01F4      		brne .L4
 160:/Users/nicholasburgel/Documents/JIN/Encoder Module/Encoder Module/main.c ****         bit_set(STEPPER, SD_DIR);
 336               	.LM38:
 337 00e2 5D9A      		sbi 0xb,5
 338               	.L6:
 155:/Users/nicholasburgel/Documents/JIN/Encoder Module/Encoder Module/main.c **** void step(int32_t numSteps, int32_t direction) {
 340               	.LM39:
 341 00e4 C12C      		mov r12,__zero_reg__
 342 00e6 D12C      		mov r13,__zero_reg__
 343 00e8 7601      		movw r14,r12
 344 00ea 00C0      		rjmp .L5
 345               	.L4:
 161:/Users/nicholasburgel/Documents/JIN/Encoder Module/Encoder Module/main.c ****     }
 162:/Users/nicholasburgel/Documents/JIN/Encoder Module/Encoder Module/main.c ****     else if (direction == 1) {
 347               	.LM40:
 348 00ec 2130      		cpi r18,1
 349 00ee 3105      		cpc r19,__zero_reg__
 350 00f0 4105      		cpc r20,__zero_reg__
 351 00f2 5105      		cpc r21,__zero_reg__
 352 00f4 01F4      		brne .L6
 163:/Users/nicholasburgel/Documents/JIN/Encoder Module/Encoder Module/main.c ****         bit_clear(STEPPER, SD_DIR);
 354               	.LM41:
 355 00f6 5D98      		cbi 0xb,5
 356 00f8 00C0      		rjmp .L6
 357               	.L5:
 358               	.LBB15:
 164:/Users/nicholasburgel/Documents/JIN/Encoder Module/Encoder Module/main.c ****     }
 165:/Users/nicholasburgel/Documents/JIN/Encoder Module/Encoder Module/main.c ****     
 166:/Users/nicholasburgel/Documents/JIN/Encoder Module/Encoder Module/main.c ****     // Loop till all steps complete
 167:/Users/nicholasburgel/Documents/JIN/Encoder Module/Encoder Module/main.c ****     for (int32_t i = 0; i <= numSteps; i++){
 360               	.LM42:
 361 00fa 6C15      		cp r22,r12
 362 00fc 7D05      		cpc r23,r13
 363 00fe 8E05      		cpc r24,r14
 364 0100 9F05      		cpc r25,r15
 365 0102 04F0      		brlt .L9
 168:/Users/nicholasburgel/Documents/JIN/Encoder Module/Encoder Module/main.c ****         //Create steps
 169:/Users/nicholasburgel/Documents/JIN/Encoder Module/Encoder Module/main.c ****         bit_set(STEPPER, SD_STEP);
 367               	.LM43:
 368 0104 5C9A      		sbi 0xb,4
 369               	.LBB16:
 370               	.LBB17:
 372               	.Ltext3:
 164:/usr/local/CrossPack-AVR-20131216/avr/include/util/delay.h **** 
 165:/usr/local/CrossPack-AVR-20131216/avr/include/util/delay.h **** #else
 166:/usr/local/CrossPack-AVR-20131216/avr/include/util/delay.h **** 	uint16_t __ticks;
 167:/usr/local/CrossPack-AVR-20131216/avr/include/util/delay.h **** 	__tmp = ((F_CPU) / 4e3) * __ms;
 168:/usr/local/CrossPack-AVR-20131216/avr/include/util/delay.h **** 	if (__tmp < 1.0)
 169:/usr/local/CrossPack-AVR-20131216/avr/include/util/delay.h **** 		__ticks = 1;
 170:/usr/local/CrossPack-AVR-20131216/avr/include/util/delay.h **** 	else if (__tmp > 65535)
 171:/usr/local/CrossPack-AVR-20131216/avr/include/util/delay.h **** 	{
 172:/usr/local/CrossPack-AVR-20131216/avr/include/util/delay.h **** 		//	__ticks = requested delay in 1/10 ms
 173:/usr/local/CrossPack-AVR-20131216/avr/include/util/delay.h **** 		__ticks = (uint16_t) (__ms * 10.0);
 174:/usr/local/CrossPack-AVR-20131216/avr/include/util/delay.h **** 		while(__ticks)
 175:/usr/local/CrossPack-AVR-20131216/avr/include/util/delay.h **** 		{
 176:/usr/local/CrossPack-AVR-20131216/avr/include/util/delay.h **** 			// wait 1/10 ms
 177:/usr/local/CrossPack-AVR-20131216/avr/include/util/delay.h **** 			_delay_loop_2(((F_CPU) / 4e3) / 10);
 178:/usr/local/CrossPack-AVR-20131216/avr/include/util/delay.h **** 			__ticks --;
 179:/usr/local/CrossPack-AVR-20131216/avr/include/util/delay.h **** 		}
 180:/usr/local/CrossPack-AVR-20131216/avr/include/util/delay.h **** 		return;
 181:/usr/local/CrossPack-AVR-20131216/avr/include/util/delay.h **** 	}
 182:/usr/local/CrossPack-AVR-20131216/avr/include/util/delay.h **** 	else
 183:/usr/local/CrossPack-AVR-20131216/avr/include/util/delay.h **** 		__ticks = (uint16_t)__tmp;
 184:/usr/local/CrossPack-AVR-20131216/avr/include/util/delay.h **** 	_delay_loop_2(__ticks);
 185:/usr/local/CrossPack-AVR-20131216/avr/include/util/delay.h **** #endif
 186:/usr/local/CrossPack-AVR-20131216/avr/include/util/delay.h **** }
 187:/usr/local/CrossPack-AVR-20131216/avr/include/util/delay.h **** 
 188:/usr/local/CrossPack-AVR-20131216/avr/include/util/delay.h **** /**
 189:/usr/local/CrossPack-AVR-20131216/avr/include/util/delay.h ****    \ingroup util_delay
 190:/usr/local/CrossPack-AVR-20131216/avr/include/util/delay.h **** 
 191:/usr/local/CrossPack-AVR-20131216/avr/include/util/delay.h ****    Perform a delay of \c __us microseconds, using _delay_loop_1().
 192:/usr/local/CrossPack-AVR-20131216/avr/include/util/delay.h **** 
 193:/usr/local/CrossPack-AVR-20131216/avr/include/util/delay.h ****    The macro F_CPU is supposed to be defined to a
 194:/usr/local/CrossPack-AVR-20131216/avr/include/util/delay.h ****    constant defining the CPU clock frequency (in Hertz).
 195:/usr/local/CrossPack-AVR-20131216/avr/include/util/delay.h **** 
 196:/usr/local/CrossPack-AVR-20131216/avr/include/util/delay.h ****    The maximal possible delay is 768 us / F_CPU in MHz.
 197:/usr/local/CrossPack-AVR-20131216/avr/include/util/delay.h **** 
 198:/usr/local/CrossPack-AVR-20131216/avr/include/util/delay.h ****    If the user requests a delay greater than the maximal possible one,
 199:/usr/local/CrossPack-AVR-20131216/avr/include/util/delay.h ****    _delay_us() will automatically call _delay_ms() instead.  The user
 200:/usr/local/CrossPack-AVR-20131216/avr/include/util/delay.h ****    will not be informed about this case.
 201:/usr/local/CrossPack-AVR-20131216/avr/include/util/delay.h **** 
 202:/usr/local/CrossPack-AVR-20131216/avr/include/util/delay.h ****    If the avr-gcc toolchain has __builtin_avr_delay_cycles(unsigned long)
 203:/usr/local/CrossPack-AVR-20131216/avr/include/util/delay.h ****    support, maximal possible delay is 4294967.295 us/ F_CPU in MHz. For
 204:/usr/local/CrossPack-AVR-20131216/avr/include/util/delay.h ****    values greater than the maximal possible delay, overflow results in
 205:/usr/local/CrossPack-AVR-20131216/avr/include/util/delay.h ****    no delay i.e., 0us.
 206:/usr/local/CrossPack-AVR-20131216/avr/include/util/delay.h ****   
 207:/usr/local/CrossPack-AVR-20131216/avr/include/util/delay.h ****    Conversion of __us into clock cycles may not always result in integer.
 208:/usr/local/CrossPack-AVR-20131216/avr/include/util/delay.h ****    By default, the clock cycles rounded up to next integer. This ensures that
 209:/usr/local/CrossPack-AVR-20131216/avr/include/util/delay.h ****    the user gets atleast __us microseconds of delay.
 210:/usr/local/CrossPack-AVR-20131216/avr/include/util/delay.h **** 
 211:/usr/local/CrossPack-AVR-20131216/avr/include/util/delay.h ****    Alternatively, user can define __DELAY_ROUND_DOWN__ and __DELAY_ROUND_CLOSEST__
 212:/usr/local/CrossPack-AVR-20131216/avr/include/util/delay.h ****    to round down and round to closest integer.
 213:/usr/local/CrossPack-AVR-20131216/avr/include/util/delay.h ****  
 214:/usr/local/CrossPack-AVR-20131216/avr/include/util/delay.h ****    Note: The new implementation of _delay_us(double __us) with 
 215:/usr/local/CrossPack-AVR-20131216/avr/include/util/delay.h ****     __builtin_avr_delay_cycles(unsigned long) support is not backward compatible.
 216:/usr/local/CrossPack-AVR-20131216/avr/include/util/delay.h ****    User can define __DELAY_BACKWARD_COMPATIBLE__ to get a backward compatible delay.
 217:/usr/local/CrossPack-AVR-20131216/avr/include/util/delay.h ****    Also, the backward compatible
 218:/usr/local/CrossPack-AVR-20131216/avr/include/util/delay.h ****    algorithm will be chosen if the code is compiled in a <em>freestanding
 219:/usr/local/CrossPack-AVR-20131216/avr/include/util/delay.h ****    environment</em> (GCC option \c -ffreestanding), as the math functions
 220:/usr/local/CrossPack-AVR-20131216/avr/include/util/delay.h ****    required for rounding are not available to the compiler then.
 221:/usr/local/CrossPack-AVR-20131216/avr/include/util/delay.h **** 
 222:/usr/local/CrossPack-AVR-20131216/avr/include/util/delay.h ****  */
 223:/usr/local/CrossPack-AVR-20131216/avr/include/util/delay.h **** void
 224:/usr/local/CrossPack-AVR-20131216/avr/include/util/delay.h **** _delay_us(double __us)
 225:/usr/local/CrossPack-AVR-20131216/avr/include/util/delay.h **** {
 226:/usr/local/CrossPack-AVR-20131216/avr/include/util/delay.h **** 	double __tmp ; 
 227:/usr/local/CrossPack-AVR-20131216/avr/include/util/delay.h **** #if __HAS_DELAY_CYCLES && defined(__OPTIMIZE__) && \
 228:/usr/local/CrossPack-AVR-20131216/avr/include/util/delay.h ****   !defined(__DELAY_BACKWARD_COMPATIBLE__) &&	   \
 229:/usr/local/CrossPack-AVR-20131216/avr/include/util/delay.h ****   __STDC_HOSTED__
 230:/usr/local/CrossPack-AVR-20131216/avr/include/util/delay.h **** 	uint32_t __ticks_dc;
 231:/usr/local/CrossPack-AVR-20131216/avr/include/util/delay.h **** 	extern void __builtin_avr_delay_cycles(unsigned long);
 232:/usr/local/CrossPack-AVR-20131216/avr/include/util/delay.h **** 	__tmp = ((F_CPU) / 1e6) * __us;
 233:/usr/local/CrossPack-AVR-20131216/avr/include/util/delay.h **** 
 234:/usr/local/CrossPack-AVR-20131216/avr/include/util/delay.h **** 	#if defined(__DELAY_ROUND_DOWN__)
 235:/usr/local/CrossPack-AVR-20131216/avr/include/util/delay.h **** 		__ticks_dc = (uint32_t)fabs(__tmp);
 236:/usr/local/CrossPack-AVR-20131216/avr/include/util/delay.h **** 
 237:/usr/local/CrossPack-AVR-20131216/avr/include/util/delay.h **** 	#elif defined(__DELAY_ROUND_CLOSEST__)
 238:/usr/local/CrossPack-AVR-20131216/avr/include/util/delay.h **** 		__ticks_dc = (uint32_t)(fabs(__tmp)+0.5);
 239:/usr/local/CrossPack-AVR-20131216/avr/include/util/delay.h **** 
 240:/usr/local/CrossPack-AVR-20131216/avr/include/util/delay.h **** 	#else
 241:/usr/local/CrossPack-AVR-20131216/avr/include/util/delay.h **** 		//round up by default
 242:/usr/local/CrossPack-AVR-20131216/avr/include/util/delay.h **** 		__ticks_dc = (uint32_t)(ceil(fabs(__tmp)));
 243:/usr/local/CrossPack-AVR-20131216/avr/include/util/delay.h **** 	#endif
 244:/usr/local/CrossPack-AVR-20131216/avr/include/util/delay.h **** 
 245:/usr/local/CrossPack-AVR-20131216/avr/include/util/delay.h **** 	__builtin_avr_delay_cycles(__ticks_dc);
 374               	.LM44:
 375 0106 EFEC      		ldi r30,lo8(1999)
 376 0108 F7E0      		ldi r31,hi8(1999)
 377 010a 3197      		1: sbiw r30,1
 378 010c 01F4      		brne 1b
 379 010e 00C0      		rjmp .
 380 0110 0000      		nop
 381               	.LBE17:
 382               	.LBE16:
 384               	.Ltext4:
 170:/Users/nicholasburgel/Documents/JIN/Encoder Module/Encoder Module/main.c ****         _delay_us(500);
 171:/Users/nicholasburgel/Documents/JIN/Encoder Module/Encoder Module/main.c ****         bit_clear(STEPPER, SD_STEP);
 386               	.LM45:
 387 0112 5C98      		cbi 0xb,4
 388               	.LBB18:
 389               	.LBB19:
 391               	.Ltext5:
 393               	.LM46:
 394 0114 EFEC      		ldi r30,lo8(1999)
 395 0116 F7E0      		ldi r31,hi8(1999)
 396 0118 3197      		1: sbiw r30,1
 397 011a 01F4      		brne 1b
 398 011c 00C0      		rjmp .
 399 011e 0000      		nop
 400               	.LBE19:
 401               	.LBE18:
 403               	.Ltext6:
 167:/Users/nicholasburgel/Documents/JIN/Encoder Module/Encoder Module/main.c ****     for (int32_t i = 0; i <= numSteps; i++){
 405               	.LM47:
 406 0120 FFEF      		ldi r31,-1
 407 0122 CF1A      		sub r12,r31
 408 0124 DF0A      		sbc r13,r31
 409 0126 EF0A      		sbc r14,r31
 410 0128 FF0A      		sbc r15,r31
 411 012a 00C0      		rjmp .L5
 412               	.L9:
 413               	/* epilogue start */
 414               	.LBE15:
 172:/Users/nicholasburgel/Documents/JIN/Encoder Module/Encoder Module/main.c ****         _delay_us(500);
 173:/Users/nicholasburgel/Documents/JIN/Encoder Module/Encoder Module/main.c ****     }
 174:/Users/nicholasburgel/Documents/JIN/Encoder Module/Encoder Module/main.c **** }
 416               	.LM48:
 417 012c FF90      		pop r15
 418 012e EF90      		pop r14
 419 0130 DF90      		pop r13
 420 0132 CF90      		pop r12
 421 0134 0895      		ret
 426               	.Lscope3:
 429               	.global	min
 431               	min:
 175:/Users/nicholasburgel/Documents/JIN/Encoder Module/Encoder Module/main.c **** 
 176:/Users/nicholasburgel/Documents/JIN/Encoder Module/Encoder Module/main.c **** int32_t min(int32_t a, int32_t b) {
 433               	.LM49:
 434               	.LFBB4:
 435               	/* prologue: function */
 436               	/* frame size = 0 */
 437               	/* stack size = 0 */
 438               	.L__stack_usage = 0
 439 0136 2617      		cp r18,r22
 440 0138 3707      		cpc r19,r23
 441 013a 4807      		cpc r20,r24
 442 013c 5907      		cpc r21,r25
 443 013e 04F4      		brge .L11
 444 0140 CA01      		movw r24,r20
 445 0142 B901      		movw r22,r18
 446               	.L11:
 177:/Users/nicholasburgel/Documents/JIN/Encoder Module/Encoder Module/main.c ****     if (a>b) {
 178:/Users/nicholasburgel/Documents/JIN/Encoder Module/Encoder Module/main.c ****         return b;
 179:/Users/nicholasburgel/Documents/JIN/Encoder Module/Encoder Module/main.c ****     }
 180:/Users/nicholasburgel/Documents/JIN/Encoder Module/Encoder Module/main.c ****     else {
 181:/Users/nicholasburgel/Documents/JIN/Encoder Module/Encoder Module/main.c ****         return a;
 182:/Users/nicholasburgel/Documents/JIN/Encoder Module/Encoder Module/main.c ****     }
 183:/Users/nicholasburgel/Documents/JIN/Encoder Module/Encoder Module/main.c **** }
 448               	.LM50:
 449 0144 0895      		ret
 451               	.Lscope4:
 452               		.section	.text.startup,"ax",@progbits
 454               	.global	main
 456               	main:
 184:/Users/nicholasburgel/Documents/JIN/Encoder Module/Encoder Module/main.c **** 
 185:/Users/nicholasburgel/Documents/JIN/Encoder Module/Encoder Module/main.c **** 
 186:/Users/nicholasburgel/Documents/JIN/Encoder Module/Encoder Module/main.c **** 
 187:/Users/nicholasburgel/Documents/JIN/Encoder Module/Encoder Module/main.c **** //ISR(INT2_vect) {
 188:/Users/nicholasburgel/Documents/JIN/Encoder Module/Encoder Module/main.c ****     //setPosition += bit_get(INTERFACE, DIR_IN);
 189:/Users/nicholasburgel/Documents/JIN/Encoder Module/Encoder Module/main.c ****     // need to make return -1
 190:/Users/nicholasburgel/Documents/JIN/Encoder Module/Encoder Module/main.c **** //}
 191:/Users/nicholasburgel/Documents/JIN/Encoder Module/Encoder Module/main.c **** 
 192:/Users/nicholasburgel/Documents/JIN/Encoder Module/Encoder Module/main.c **** 
 193:/Users/nicholasburgel/Documents/JIN/Encoder Module/Encoder Module/main.c **** int main(void) {
 458               	.LM51:
 459               	.LFBB5:
 460               	/* prologue: function */
 461               	/* frame size = 0 */
 462               	/* stack size = 0 */
 463               	.L__stack_usage = 0
 194:/Users/nicholasburgel/Documents/JIN/Encoder Module/Encoder Module/main.c ****     initIO();
 465               	.LM52:
 466 0000 0E94 0000 		call initIO
 467               	.L13:
 195:/Users/nicholasburgel/Documents/JIN/Encoder Module/Encoder Module/main.c ****     
 196:/Users/nicholasburgel/Documents/JIN/Encoder Module/Encoder Module/main.c ****     while (1) {
 197:/Users/nicholasburgel/Documents/JIN/Encoder Module/Encoder Module/main.c ****         actualPosition = readEncoder();
 469               	.LM53:
 470 0004 0E94 0000 		call readEncoder
 471 0008 6093 0000 		sts actualPosition,r22
 472 000c 7093 0000 		sts actualPosition+1,r23
 473 0010 8093 0000 		sts actualPosition+2,r24
 474 0014 9093 0000 		sts actualPosition+3,r25
 198:/Users/nicholasburgel/Documents/JIN/Encoder Module/Encoder Module/main.c ****         if (actualPosition > setPosition) {
 476               	.LM54:
 477 0018 0091 0000 		lds r16,setPosition
 478 001c 1091 0000 		lds r17,setPosition+1
 479 0020 2091 0000 		lds r18,setPosition+2
 480 0024 3091 0000 		lds r19,setPosition+3
 481 0028 0617      		cp r16,r22
 482 002a 1707      		cpc r17,r23
 483 002c 2807      		cpc r18,r24
 484 002e 3907      		cpc r19,r25
 485 0030 04F4      		brge .L14
 199:/Users/nicholasburgel/Documents/JIN/Encoder Module/Encoder Module/main.c ****             step(min(actualPosition-setPosition,10), 1);
 487               	.LM55:
 488 0032 601B      		sub r22,r16
 489 0034 710B      		sbc r23,r17
 490 0036 820B      		sbc r24,r18
 491 0038 930B      		sbc r25,r19
 492 003a 6B30      		cpi r22,11
 493 003c 7105      		cpc r23,__zero_reg__
 494 003e 8105      		cpc r24,__zero_reg__
 495 0040 9105      		cpc r25,__zero_reg__
 496 0042 04F0      		brlt .L15
 497 0044 6AE0      		ldi r22,lo8(10)
 498 0046 70E0      		ldi r23,0
 499 0048 80E0      		ldi r24,0
 500 004a 90E0      		ldi r25,0
 501               	.L15:
 502 004c 21E0      		ldi r18,lo8(1)
 503 004e 30E0      		ldi r19,0
 504 0050 40E0      		ldi r20,0
 505 0052 50E0      		ldi r21,0
 506 0054 00C0      		rjmp .L18
 507               	.L14:
 200:/Users/nicholasburgel/Documents/JIN/Encoder Module/Encoder Module/main.c ****         }
 201:/Users/nicholasburgel/Documents/JIN/Encoder Module/Encoder Module/main.c ****         else if (actualPosition < setPosition) {
 509               	.LM56:
 510 0056 6017      		cp r22,r16
 511 0058 7107      		cpc r23,r17
 512 005a 8207      		cpc r24,r18
 513 005c 9307      		cpc r25,r19
 514 005e 04F4      		brge .L13
 202:/Users/nicholasburgel/Documents/JIN/Encoder Module/Encoder Module/main.c ****             step(min(setPosition-actualPosition,10), 0);
 516               	.LM57:
 517 0060 6801      		movw r12,r16
 518 0062 7901      		movw r14,r18
 519 0064 C61A      		sub r12,r22
 520 0066 D70A      		sbc r13,r23
 521 0068 E80A      		sbc r14,r24
 522 006a F90A      		sbc r15,r25
 523 006c C701      		movw r24,r14
 524 006e B601      		movw r22,r12
 525 0070 6B30      		cpi r22,11
 526 0072 7105      		cpc r23,__zero_reg__
 527 0074 8105      		cpc r24,__zero_reg__
 528 0076 9105      		cpc r25,__zero_reg__
 529 0078 04F0      		brlt .L17
 530 007a 6AE0      		ldi r22,lo8(10)
 531 007c 70E0      		ldi r23,0
 532 007e 80E0      		ldi r24,0
 533 0080 90E0      		ldi r25,0
 534               	.L17:
 535 0082 20E0      		ldi r18,0
 536 0084 30E0      		ldi r19,0
 537 0086 A901      		movw r20,r18
 538               	.L18:
 539 0088 0E94 0000 		call step
 540 008c 00C0      		rjmp .L13
 542               	.Lscope5:
 543               		.comm	ratio,4,1
 544               		.comm	actualPosition,4,1
 545               		.comm	setPosition,4,1
 549               		.text
 551               	.Letext0:
 552               		.ident	"GCC: (GNU) 4.8.1"
 553               	.global __do_clear_bss
DEFINED SYMBOLS
                            *ABS*:00000000 main.c
/var/folders/kl/49hln8nn0vq_822tp7nxclzw0000gn/T//ccaD3IUz.s:2      *ABS*:0000003e __SP_H__
/var/folders/kl/49hln8nn0vq_822tp7nxclzw0000gn/T//ccaD3IUz.s:3      *ABS*:0000003d __SP_L__
/var/folders/kl/49hln8nn0vq_822tp7nxclzw0000gn/T//ccaD3IUz.s:4      *ABS*:0000003f __SREG__
/var/folders/kl/49hln8nn0vq_822tp7nxclzw0000gn/T//ccaD3IUz.s:5      *ABS*:00000000 __tmp_reg__
/var/folders/kl/49hln8nn0vq_822tp7nxclzw0000gn/T//ccaD3IUz.s:6      *ABS*:00000001 __zero_reg__
/var/folders/kl/49hln8nn0vq_822tp7nxclzw0000gn/T//ccaD3IUz.s:120    .text:00000000 initIO
                            *COM*:00000004 setPosition
                            *COM*:00000004 actualPosition
                            *COM*:00000004 ratio
/var/folders/kl/49hln8nn0vq_822tp7nxclzw0000gn/T//ccaD3IUz.s:211    .text:00000066 readEncoder
/var/folders/kl/49hln8nn0vq_822tp7nxclzw0000gn/T//ccaD3IUz.s:316    .text:000000d0 step
/var/folders/kl/49hln8nn0vq_822tp7nxclzw0000gn/T//ccaD3IUz.s:431    .text:00000136 min
/var/folders/kl/49hln8nn0vq_822tp7nxclzw0000gn/T//ccaD3IUz.s:456    .text.startup:00000000 main

UNDEFINED SYMBOLS
__floatsisf
__divsf3
__fixsfsi
__do_clear_bss
